[debug] [2022-11-27T15:35:16.644Z] ----------------------------------------------------------------------
[debug] [2022-11-27T15:35:16.645Z] Command:       /usr/local/bin/node /usr/local/bin/firebase init
[debug] [2022-11-27T15:35:16.645Z] CLI Version:   11.16.1
[debug] [2022-11-27T15:35:16.645Z] Platform:      darwin
[debug] [2022-11-27T15:35:16.645Z] Node Version:  v16.17.0
[debug] [2022-11-27T15:35:16.645Z] Time:          Sun Nov 27 2022 21:05:16 GMT+0530 (India Standard Time)
[debug] [2022-11-27T15:35:16.645Z] ----------------------------------------------------------------------
[debug] 
[debug] [2022-11-27T15:35:16.647Z] > command requires scopes: ["email","openid","https://www.googleapis.com/auth/cloudplatformprojects.readonly","https://www.googleapis.com/auth/firebase","https://www.googleapis.com/auth/cloud-platform"]
[debug] [2022-11-27T15:35:16.648Z] > authorizing via signed-in user (reuelnixon@gmail.com)
[info] 
     ######## #### ########  ######## ########     ###     ######  ########
     ##        ##  ##     ## ##       ##     ##  ##   ##  ##       ##
     ######    ##  ########  ######   ########  #########  ######  ######
     ##        ##  ##    ##  ##       ##     ## ##     ##       ## ##
     ##       #### ##     ## ######## ########  ##     ##  ######  ########

You're about to initialize a Firebase project in this directory:

  /Users/nixon/Coding/Learnings/YelpCamp

[info] 
=== Project Setup
[info] 
[info] First, let's associate this project directory with a Firebase project.
[info] You can create multiple project aliases by running firebase use --add, 
[info] but for now we'll just set up a default project.
[info] 
[debug] [2022-11-27T15:35:20.830Z] >>> [apiv2][query] GET https://firebase.googleapis.com/v1beta1/projects pageSize=100
[debug] [2022-11-27T15:35:21.756Z] <<< [apiv2][status] GET https://firebase.googleapis.com/v1beta1/projects 200
[debug] [2022-11-27T15:35:21.756Z] <<< [apiv2][body] GET https://firebase.googleapis.com/v1beta1/projects [omitted]
[info] i  Using project yelp--camp (YelpCamp) 
[info] 
=== Hosting Setup
[info] 
[info] Your public directory is the folder (relative to your project directory) that
[info] will contain Hosting assets to be uploaded with firebase deploy. If you
[info] have a build process for your assets, use your build's output directory.
[info] 
